[RUN #0 8 10]
769 -778 896 -700 -200 298 -795 -407
85 830 58 -658 214 -463 -425 798
-900 -779 355 -421 545 931 -105 -248
920 -564 655 -750 496 129 -584 228
-111 760 269 614 -253 860 847 462
401 -225 -493 563 -604 595 416 -965
-518 -62 -750 389 245 -647 -839 159
-54 877 -786 -107 -486 867 -700 889
874 -232 950 -358 -204 132 521 -319
95 -538 590 346 -949 -41 832 -480
[RUN #1 10 10]
184 224 -747 -803 -500 -21 -964 -542 -863 913
957 -33 -690 579 352 -941 500 -781 709 -684
372 787 -1000 -721 -128 -315 -590 731 500 195
377 -218 -747 481 826 -511 353 949 -860 898
-995 404 907 961 415 -556 118 -643 287 -539
431 -636 -690 129 -951 -444 539 -637 779 -228
837 -232 614 340 257 666 356 516 -732 16
-92 -252 -223 -51 -368 385 -251 -941 -641 -149
391 850 -842 268 -783 117 -878 -854 -777 -917
849 -117 983 164 63 -513 480 413 607 -250
[RUN #2 19 10]
945 -421 -452 704 -360 422 -905 274 -382 -718 -57 797 601 -313 609 -730 443 865 658
-391 -808 922 230 871 -320 -481 -272 642 -607 -757 787 45 -504 169 299 443 854 -770
-961 -749 -198 -707 45 -424 313 488 -600 564 797 461 -335 822 -960 -724 46 499 808
815 -648 -319 279 -689 -543 -846 583 17 108 404 182 811 -779 -636 -591 828 996 407
-667 -35 -561 -893 -470 516 -501 409 -967 152 656 580 980 -327 612 473 -67 254 -848
112 -125 -707 -622 731 193 -865 -738 -118 424 543 -64 -516 495 377 228 -566 959 -674
517 -631 741 -703 -994 -755 945 166 669 -362 -985 -902 813 -252 61 528 981 378 488
492 858 380 577 -187 -547 876 -951 -598 -49 -863 943 552 -927 -259 871 526 -37 -225
24 911 641 775 -895 937 728 -815 652 -146 -596 266 116 -133 317 -654 -711 347 -682
-370 532 401 285 -35 -483 -290 -317 788 130 -278 855 -802 -962 719 18 -254 -476 238
[RUN #3 16 10]
325 752 796 -753 -474 -634 -193 554 -421 410 928 13 -655 942 -100 -238
44 506 437 -292 429 749 566 792 -803 548 -426 670 -56 350 161 -748
-683 62 873 -435 -522 -377 34 735 -510 -875 770 -381 541 -878 379 -562
866 162 -913 635 -857 -347 509 316 637 -572 -799 -620 50 807 33 558
19 -590 -592 -348 -582 -877 251 966 -254 -967 745 -374 55 -230 878 162
524 587 810 276 -642 557 -750 548 -789 452 410 -655 439 -569 -971 891
58 729 -51 307 714 -107 968 334 816 45 -207 -190 281 -499 536 960
-18 148 -4 -618 -913 -623 433 688 118 -106 -997 966 -781 -11 -344 783
-651 -977 -25 550 -821 850 -855 -336 970 -877 350 -326 -716 -668 403 463
-148 574 -87 417 -627 -786 906 70 -759 -804 -201 807 873 -996 539 615
[RUN #4 15 10]
-429 219 -570 357 -476 680 186 -711 267 -999 164 -899 -435 -373 437
295 -739 40 -925 717 984 -698 -241 560 281 558 461 599 -238 171
-45 -590 799 -826 404 978 -997 318 638 -802 -729 -970 292 716 -615
-151 -525 227 713 -445 465 798 -811 433 529 -26 850 211 -580 392
171 -641 -961 -33 -988 -907 860 -434 -678 659 849 -893 135 880 850
520 -27 616 376 371 579 876 -782 26 -773 287 173 949 600 -704
-644 -327 -672 142 84 -685 -428 -486 861 -287 -733 674 605 706 933
-323 305 -295 96 -770 263 531 637 692 -316 -355 -231 -524 -888 -142
674 -557 398 841 -417 -859 -343 528 -319 585 739 278 381 685 -129
-974 -765 -284 -851 -119 728 -679 454 -319 727 -459 363 -763 -670 -661
[RUN #5 11 10]
713 375 -620 681 152 842 -109 -530 686 565 -656
990 73 -16 585 128 153 -601 98 647 462 768
-338 537 -321 929 146 -322 237 -331 271 388 892
676 165 626 78 154 -366 -197 440 -39 -464 397
-995 698 -728 -806 132 -171 229 613 -287 162 -298
24 237 489 372 198 284 -341 925 -934 -569 940
-167 657 561 544 -50 -562 402 93 -340 -884 -555
137 401 224 -101 -947 535 287 223 442 -382 467
-660 -996 318 -14 973 -919 -298 714 53 499 -66
463 -460 872 93 -841 -519 -275 470 21 -591 -337
[RUN #6 15 10]
-296 -137 124 -449 -525 713 293 -503 908 -513 -390 643 -529 968 -106
246 346 74 -375 43 320 412 403 430 307 526 347 -752 -622 -242
-774 -823 697 -164 830 -880 -451 -497 806 951 -889 628 906 733 -862
313 444 -798 -358 -935 877 -224 -125 -533 -971 -102 -487 -802 -181 -455
-351 135 -781 598 892 728 923 102 -585 -394 -230 776 -667 -122 -382
80 -768 -206 513 786 -758 660 -839 691 517 -12 227 326 -585 282
-170 246 290 -134 189 626 -990 280 -840 225 -919 -26 597 -121 684
343 327 -141 -359 848 644 -31 -523 699 515 -683 -379 -588 -148 -33
-634 -251 -987 -622 -557 10 -485 -948 -147 306 728 483 -564 -194 -64
203 -91 -501 499 -506 -414 626 -302 -967 189 747 -741 -15 363 471
[RUN #7 100 10]
746 539 273 -604 -649 -523 641 -341 -874 -472 176 -212 -888 -305 444 -653 -697 552 -489 422 -22 -527 406 167 372 -334 257 118 -819 -240 -288 716 312 -209 -981 507 979 -283 -868 632 -247 885 -108 481 -115 -754 84 -495 -300 -287 -882 32 832 616 -446 337 -565 450 214 961 -110 19 -893 -122 -946 -687 687 -369 699 910 -681 -461 298 -985 788 245 490 -168 259 -399 -786 959 172 -553 -18 692 376 -782 -762 846 -693 -388 437 774 836 825 119 486 -15 862
831 -154 160 -661 692 -887 -459 948 269 857 -717 746 899 521 -620 -482 -864 -643 -604 109 -959 -463 941 -715 14 916 271 881 -839 4 -908 -502 220 731 538 66 773 -369 803 289 -981 -197 989 -498 127 184 -160 -558 453 903 -436 231 745 636 -171 -490 -553 817 863 -714 -786 825 727 166 -855 945 758 987 -868 -330 358 522 -977 246 990 -603 -847 -11 628 -869 447 -372 -201 642 -30 958 -997 -564 -138 -371 -276 -132 691 -962 213 -6 196 -297 -731 -67
-125 -363 108 945 411 208 -314 53 -200 -834 -637 1 -590 125 763 -153 651 -284 -909 -183 -440 320 768 467 710 793 -476 803 -634 -887 -36 187 -17 -948 653 122 -930 -540 -122 747 -313 841 -292 -954 669 -107 71 220 -549 548 383 -666 990 466 -751 221 -320 872 -494 636 -236 285 110 -487 188 -963 920 371 366 928 -798 -994 -240 -204 -581 930 384 26 -996 455 513 347 224 -919 189 545 497 572 -417 -508 -804 309 685 20 738 -536 650 -781 -927 370
720 -681 -337 539 -173 765 609 -275 -714 -252 71 518 -722 324 -891 600 856 -42 878 406 -543 -680 -70 -238 -470 241 -377 -253 -607 -727 -960 -923 196 -900 -312 -422 -737 -486 177 584 583 -963 -803 140 924 -771 -184 184 -613 -59 -256 -652 778 -455 661 150 -836 -478 -540 -938 627 -699 -479 553 -464 -558 -941 -555 -41 98 869 -800 -223 722 812 511 115 328 -569 775 -94 -907 482 -369 -620 691 491 412 118 -646 -649 911 -288 153 997 249 666 377 -440 -414
877 659 505 727 -579 340 -653 -93 50 -292 -567 61 -22 161 517 -201 376 -486 988 612 418 -450 506 417 464 -862 -37 -96 -571 294 -387 -122 -160 481 -967 965 167 316 56 43 779 317 434 -782 841 -35 678 757 884 176 572 -574 529 893 538 -848 91 778 -565 773 187 -63 -109 -688 -993 -221 703 750 838 440 -797 -948 309 353 796 -820 232 946 337 123 -618 474 -350 -816 -945 -547 388 52 679 699 -517 -233 880 150 -610 31 19 -595 542 -413
347 196 911 -822 -141 -559 999 437 -121 898 -916 -233 -729 83 -823 391 -147 -511 480 -45 324 -305 -854 119 457 962 -576 892 -950 -208 478 386 903 550 657 432 415 -23 -439 -758 223 249 434 202 568 -344 -113 -527 -76 400 695 525 994 717 738 -498 242 -906 172 493 -902 -777 43 604 465 990 -932 -515 665 -295 -782 685 -504 -904 537 768 995 356 650 -673 90 -799 -360 -42 27 -162 369 -308 482 638 449 947 -687 700 938 -37 -41 -7 546 -322
821 479 639 -87 594 629 -640 25 578 411 80 951 -670 -274 -245 -845 577 26 989 138 653 -854 338 194 -270 208 -616 681 -753 -403 -504 769 -227 -470 268 624 111 553 35 441 337 257 153 -44 626 -86 47 910 -102 -782 -650 -189 824 186 671 555 -752 -98 -462 323 523 -713 -134 -851 -934 546 -168 856 633 193 943 58 747 443 892 -341 232 115 190 494 459 -96 754 314 -261 -402 -875 994 -791 -477 976 -465 -384 615 776 -820 637 -135 591 549
987 -749 -827 789 551 394 206 518 366 210 228 47 179 -667 -333 506 -592 -2 230 -506 -193 453 -259 741 -875 -729 831 -291 -22 -110 271 -942 155 -27 -380 -968 809 696 84 -987 -501 -150 36 388 153 605 -822 -780 225 -169 200 135 320 -998 -704 -960 -10 -233 360 -777 -957 275 -92 140 -978 558 -912 -614 -500 215 345 -486 915 54 423 -252 449 -909 -424 661 -787 -996 616 -864 -765 -389 319 332 286 448 566 -192 191 -340 268 -241 104 48 -267 -514
859 257 647 80 -363 535 124 874 282 233 910 -58 -901 815 979 594 100 919 60 607 841 -1 -658 489 905 574 -160 -518 219 -976 -570 -367 319 843 754 197 436 499 94 -522 848 -266 -967 -997 -63 550 513 -588 -413 575 306 69 -635 930 43 104 -830 -10 -581 254 823 -85 206 -742 -515 -898 520 403 -631 500 168 95 349 336 395 148 372 -87 479 -40 -580 102 593 343 878 -879 10 801 -449 199 76 -986 -535 -117 -192 -297 145 -111 114 691
-506 250 974 -151 -11 934 -285 -329 -941 958 -426 556 815 -381 -332 881 400 -111 80 -416 -199 946 98 -100 789 410 193 -241 -395 -317 529 -154 923 -473 -226 590 265 -499 489 870 64 966 351 477 -756 309 970 -29 -596 796 685 803 727 930 -61 -387 920 -976 -684 146 539 -770 -256 -618 983 718 -920 -214 -162 -562 973 66 573 379 551 -80 472 -870 -853 -174 421 224 819 540 -220 643 835 -881 -509 456 -573 -303 252 671 807 325 -769 549 797 848
[RUN #8 15 10]
-777 497 -99 -871 -207 -417 466 -792 -26 311 361 235 -361 -628 908
-587 555 -448 -617 140 607 900 -432 -422 -536 765 585 25 -582 955
-969 536 -706 -757 -814 287 326 681 981 552 54 -904 -220 -941 99
-871 -949 -860 522 -115 -715 -744 -256 601 -617 -182 -922 847 641 439
433 467 668 -288 839 -819 -569 767 -53 426 -372 530 734 295 648
-403 -79 -287 -500 -471 -240 -771 386 -936 960 104 -780 909 -149 -153
-400 -672 341 143 -944 551 670 234 560 -518 -272 -956 382 661 -308
-918 313 -592 81 -901 960 381 -994 11 137 -450 -481 395 485 615
-150 -114 -678 0 642 203 535 393 -990 937 -338 249 -664 276 -933
-26 -296 819 -846 -241 511 323 -255 410 725 -237 779 -667 244 -221
[RUN #9 15 10]
760 -611 -794 -55 -130 -463 -12 -502 -89 -750 486 -179 -720 101 -698
866 93 589 445 -480 653 280 894 526 281 -210 -346 862 885 -121
-515 -459 -448 -420 908 -567 -522 -687 -612 769 -549 -819 -550 -787 508
856 -754 179 282 -220 -311 633 729 -346 760 361 104 205 383 -18
-288 -144 782 -18 426 743 328 471 -758 -943 398 991 -705 -681 -395
66 -481 -99 -142 850 -642 740 651 -778 -256 -404 771 -352 493 -816
751 -66 -506 218 69 -993 294 -832 -834 246 566 -267 233 35 -449
-115 -987 395 635 -889 226 309 589 -25 117 -748 349 -369 536 68
124 -625 -547 413 209 -564 703 -239 -868 177 -361 144 -552 -392 475
515 586 -518 103 -684 206 -675 -644 627 249 -225 375 992 117 -278
[RUN #10 15 10]
-655 953 -792 920 -459 511 699 -134 -239 -296 -662 228 -684 347 103
5 412 -939 731 -495 296 150 756 -732 888 -916 -370 -914 -750 -607
891 734 -252 118 536 -596 193 942 -750 -744 858 -654 -627 -36 -972
-374 975 283 -284 -95 391 -701 273 -299 972 -900 939 897 279 583
-451 -634 -579 -33 806 264 731 -477 918 -293 504 423 -409 -52 -481
-465 -897 -215 956 -286 986 961 -51 -397 471 -199 98 -449 723 -782
-128 -849 605 -649 546 83 736 516 935 -557 -328 -683 -911 -885 834
68 -738 -516 755 -361 525 -114 -264 -84 135 -254 348 524 -42 614
727 -882 872 -207 147 485 102 347 -421 -390 613 39 -681 -349 -749
481 -105 783 94 -184 444 -84 687 52 -978 -650 4 933 -393 208
